2018-06-02 17:37:45,354 INFO: Microblog Startup [in /home/coder/programming/python/migelgrinberg/microblog/app/__init__.py:51]
2018-06-02 17:37:47,717 ERROR: Exception on /index [GET] [in /home/coder/programming/python/migelgrinberg/microblog/env/lib/python3.6/site-packages/flask/app.py:1761]
Traceback (most recent call last):
  File "/home/coder/programming/python/migelgrinberg/microblog/env/lib/python3.6/site-packages/flask/app.py", line 2292, in wsgi_app
    response = self.full_dispatch_request()
  File "/home/coder/programming/python/migelgrinberg/microblog/env/lib/python3.6/site-packages/flask/app.py", line 1815, in full_dispatch_request
    rv = self.handle_user_exception(e)
  File "/home/coder/programming/python/migelgrinberg/microblog/env/lib/python3.6/site-packages/flask/app.py", line 1718, in handle_user_exception
    reraise(exc_type, exc_value, tb)
  File "/home/coder/programming/python/migelgrinberg/microblog/env/lib/python3.6/site-packages/flask/_compat.py", line 35, in reraise
    raise value
  File "/home/coder/programming/python/migelgrinberg/microblog/env/lib/python3.6/site-packages/flask/app.py", line 1813, in full_dispatch_request
    rv = self.dispatch_request()
  File "/home/coder/programming/python/migelgrinberg/microblog/env/lib/python3.6/site-packages/flask/app.py", line 1799, in dispatch_request
    return self.view_functions[rule.endpoint](**req.view_args)
  File "/home/coder/programming/python/migelgrinberg/microblog/env/lib/python3.6/site-packages/flask_login/utils.py", line 261, in decorated_view
    return func(*args, **kwargs)
  File "/home/coder/programming/python/migelgrinberg/microblog/app/routes.py", line 41, in index
    title="Superblog", posts=posts, form=form)
  File "/home/coder/programming/python/migelgrinberg/microblog/env/lib/python3.6/site-packages/flask/templating.py", line 135, in render_template
    context, ctx.app)
  File "/home/coder/programming/python/migelgrinberg/microblog/env/lib/python3.6/site-packages/flask/templating.py", line 117, in _render
    rv = template.render(context)
  File "/home/coder/programming/python/migelgrinberg/microblog/env/lib/python3.6/site-packages/jinja2/asyncsupport.py", line 76, in render
    return original_render(self, *args, **kwargs)
  File "/home/coder/programming/python/migelgrinberg/microblog/env/lib/python3.6/site-packages/jinja2/environment.py", line 1008, in render
    return self.environment.handle_exception(exc_info, True)
  File "/home/coder/programming/python/migelgrinberg/microblog/env/lib/python3.6/site-packages/jinja2/environment.py", line 780, in handle_exception
    reraise(exc_type, exc_value, tb)
  File "/home/coder/programming/python/migelgrinberg/microblog/env/lib/python3.6/site-packages/jinja2/_compat.py", line 37, in reraise
    raise value.with_traceback(tb)
  File "/home/coder/programming/python/migelgrinberg/microblog/app/templates/_post.html", line 5, in template
    <a href="{{ url_for('user', username=post.author.username}}">
  File "/home/coder/programming/python/migelgrinberg/microblog/env/lib/python3.6/site-packages/jinja2/environment.py", line 1005, in render
    return concat(self.root_render_func(self.new_context(vars)))
  File "/home/coder/programming/python/migelgrinberg/microblog/app/templates/index.html", line 1, in top-level template code
    {% extends "base.html" %}
  File "/home/coder/programming/python/migelgrinberg/microblog/app/templates/base.html", line 32, in top-level template code
    {% block content %}{% endblock %}
  File "/home/coder/programming/python/migelgrinberg/microblog/app/templates/index.html", line 19, in block "content"
    {% include '_post.html' %}
  File "/home/coder/programming/python/migelgrinberg/microblog/env/lib/python3.6/site-packages/jinja2/environment.py", line 780, in handle_exception
    reraise(exc_type, exc_value, tb)
  File "/home/coder/programming/python/migelgrinberg/microblog/env/lib/python3.6/site-packages/jinja2/_compat.py", line 37, in reraise
    raise value.with_traceback(tb)
  File "/home/coder/programming/python/migelgrinberg/microblog/app/templates/_post.html", line 5, in template
    <a href="{{ url_for('user', username=post.author.username}}">
  File "/home/coder/programming/python/migelgrinberg/microblog/env/lib/python3.6/site-packages/jinja2/environment.py", line 497, in _parse
    return Parser(self, source, name, encode_filename(filename)).parse()
  File "/home/coder/programming/python/migelgrinberg/microblog/env/lib/python3.6/site-packages/jinja2/parser.py", line 901, in parse
    result = nodes.Template(self.subparse(), lineno=1)
  File "/home/coder/programming/python/migelgrinberg/microblog/env/lib/python3.6/site-packages/jinja2/parser.py", line 875, in subparse
    add_data(self.parse_tuple(with_condexpr=True))
  File "/home/coder/programming/python/migelgrinberg/microblog/env/lib/python3.6/site-packages/jinja2/parser.py", line 620, in parse_tuple
    args.append(parse())
  File "/home/coder/programming/python/migelgrinberg/microblog/env/lib/python3.6/site-packages/jinja2/parser.py", line 432, in parse_expression
    return self.parse_condexpr()
  File "/home/coder/programming/python/migelgrinberg/microblog/env/lib/python3.6/site-packages/jinja2/parser.py", line 437, in parse_condexpr
    expr1 = self.parse_or()
  File "/home/coder/programming/python/migelgrinberg/microblog/env/lib/python3.6/site-packages/jinja2/parser.py", line 450, in parse_or
    left = self.parse_and()
  File "/home/coder/programming/python/migelgrinberg/microblog/env/lib/python3.6/site-packages/jinja2/parser.py", line 459, in parse_and
    left = self.parse_not()
  File "/home/coder/programming/python/migelgrinberg/microblog/env/lib/python3.6/site-packages/jinja2/parser.py", line 470, in parse_not
    return self.parse_compare()
  File "/home/coder/programming/python/migelgrinberg/microblog/env/lib/python3.6/site-packages/jinja2/parser.py", line 474, in parse_compare
    expr = self.parse_math1()
  File "/home/coder/programming/python/migelgrinberg/microblog/env/lib/python3.6/site-packages/jinja2/parser.py", line 496, in parse_math1
    left = self.parse_concat()
  File "/home/coder/programming/python/migelgrinberg/microblog/env/lib/python3.6/site-packages/jinja2/parser.py", line 507, in parse_concat
    args = [self.parse_math2()]
  File "/home/coder/programming/python/migelgrinberg/microblog/env/lib/python3.6/site-packages/jinja2/parser.py", line 517, in parse_math2
    left = self.parse_pow()
  File "/home/coder/programming/python/migelgrinberg/microblog/env/lib/python3.6/site-packages/jinja2/parser.py", line 528, in parse_pow
    left = self.parse_unary()
  File "/home/coder/programming/python/migelgrinberg/microblog/env/lib/python3.6/site-packages/jinja2/parser.py", line 547, in parse_unary
    node = self.parse_postfix(node)
  File "/home/coder/programming/python/migelgrinberg/microblog/env/lib/python3.6/site-packages/jinja2/parser.py", line 676, in parse_postfix
    node = self.parse_call(node)
  File "/home/coder/programming/python/migelgrinberg/microblog/env/lib/python3.6/site-packages/jinja2/parser.py", line 785, in parse_call
    value = self.parse_expression()
  File "/home/coder/programming/python/migelgrinberg/microblog/env/lib/python3.6/site-packages/jinja2/parser.py", line 432, in parse_expression
    return self.parse_condexpr()
  File "/home/coder/programming/python/migelgrinberg/microblog/env/lib/python3.6/site-packages/jinja2/parser.py", line 437, in parse_condexpr
    expr1 = self.parse_or()
  File "/home/coder/programming/python/migelgrinberg/microblog/env/lib/python3.6/site-packages/jinja2/parser.py", line 450, in parse_or
    left = self.parse_and()
  File "/home/coder/programming/python/migelgrinberg/microblog/env/lib/python3.6/site-packages/jinja2/parser.py", line 459, in parse_and
    left = self.parse_not()
  File "/home/coder/programming/python/migelgrinberg/microblog/env/lib/python3.6/site-packages/jinja2/parser.py", line 470, in parse_not
    return self.parse_compare()
  File "/home/coder/programming/python/migelgrinberg/microblog/env/lib/python3.6/site-packages/jinja2/parser.py", line 474, in parse_compare
    expr = self.parse_math1()
  File "/home/coder/programming/python/migelgrinberg/microblog/env/lib/python3.6/site-packages/jinja2/parser.py", line 496, in parse_math1
    left = self.parse_concat()
  File "/home/coder/programming/python/migelgrinberg/microblog/env/lib/python3.6/site-packages/jinja2/parser.py", line 507, in parse_concat
    args = [self.parse_math2()]
  File "/home/coder/programming/python/migelgrinberg/microblog/env/lib/python3.6/site-packages/jinja2/parser.py", line 517, in parse_math2
    left = self.parse_pow()
  File "/home/coder/programming/python/migelgrinberg/microblog/env/lib/python3.6/site-packages/jinja2/parser.py", line 528, in parse_pow
    left = self.parse_unary()
  File "/home/coder/programming/python/migelgrinberg/microblog/env/lib/python3.6/site-packages/jinja2/parser.py", line 547, in parse_unary
    node = self.parse_postfix(node)
  File "/home/coder/programming/python/migelgrinberg/microblog/env/lib/python3.6/site-packages/jinja2/parser.py", line 672, in parse_postfix
    node = self.parse_subscript(node)
  File "/home/coder/programming/python/migelgrinberg/microblog/env/lib/python3.6/site-packages/jinja2/parser.py", line 700, in parse_subscript
    next(self.stream)
  File "/home/coder/programming/python/migelgrinberg/microblog/env/lib/python3.6/site-packages/jinja2/lexer.py", line 359, in __next__
    self.current = next(self._iter)
  File "/home/coder/programming/python/migelgrinberg/microblog/env/lib/python3.6/site-packages/jinja2/lexer.py", line 562, in wrap
    for lineno, token, value in stream:
  File "/home/coder/programming/python/migelgrinberg/microblog/env/lib/python3.6/site-packages/jinja2/lexer.py", line 690, in tokeniter
    filename)
jinja2.exceptions.TemplateSyntaxError: unexpected '}', expected ')'
2018-06-02 17:38:20,485 INFO: Microblog Startup [in /home/coder/programming/python/migelgrinberg/microblog/app/__init__.py:51]
